<?xml version="1.0" encoding="UTF-8"?>
<!-- Generated by org.testng.reporters.JUnitXMLReporter -->
<testsuite ignored="1" hostname="LAPTOP-3LAJEQ06" failures="0" tests="5" name="Default test" time="33.226" errors="0" timestamp="2025-05-18T23:51:09 IST">
  <testcase classname="org.AutomationAnywhere.com.ClickOnDemoRequest" name="demoLink" time="5.808"/>
  <testcase classname="org.AutomationAnywhere.com.LogoPresent" name="logo" time="1.797"/>
  <testcase classname="org.AutomationAnywhere.com.VerifyingEachUrls" name="clickOnPartner" time="7.932"/>
  <testcase classname="org.AutomationAnywhere.com.VerifyingEachUrls" name="clickOnProduct" time="6.575"/>
  <testcase classname="org.AutomationAnywhere.com.VerifyingEachUrls" name="clickOnSolutions" time="7.339"/>
  <testcase classname="org.AutomationAnywhere.com.VerifyingEachUrls" name="clickOnResources" time="0.0">
    <ignored/>
  </testcase> <!-- clickOnResources -->
</testsuite> <!-- Default test -->
