<?xml version="1.0" encoding="UTF-8"?>
<testng-results ignored="1" total="7" passed="5" failed="1" skipped="0">
  <reporter-output>
  </reporter-output>
  <suite started-at="2025-05-18T23:53:27 IST" name="Suite" finished-at="2025-05-18T23:53:59 IST" duration-ms="32744">
    <groups>
    </groups>
    <test started-at="2025-05-18T23:53:27 IST" name="Test" finished-at="2025-05-18T23:53:59 IST" duration-ms="32744">
      <class name="org.AutomationAnywhere.com.LogoPresent">
        <test-method signature="logo()[pri:0, instance:org.AutomationAnywhere.com.LogoPresent@72889280]" started-at="2025-05-18T23:53:59 IST" name="logo" finished-at="2025-05-18T23:53:59 IST" duration-ms="2" status="FAIL">
          <exception class="java.lang.NullPointerException">
            <message>
              <![CDATA[Cannot invoke "org.openqa.selenium.WebDriver.findElement(org.openqa.selenium.By)" because "this.driver" is null]]>
            </message>
            <full-stacktrace>
              <![CDATA[java.lang.NullPointerException: Cannot invoke "org.openqa.selenium.WebDriver.findElement(org.openqa.selenium.By)" because "this.driver" is null
at org.AutomationAnywhere.com.LogoPresent.logo(LogoPresent.java:14)
at java.base/jdk.internal.reflect.NativeMethodAccessorImpl.invoke0(Native Method)
at java.base/jdk.internal.reflect.NativeMethodAccessorImpl.invoke(NativeMethodAccessorImpl.java:77)
at java.base/jdk.internal.reflect.DelegatingMethodAccessorImpl.invoke(DelegatingMethodAccessorImpl.java:43)
at java.base/java.lang.reflect.Method.invoke(Method.java:568)
at org.testng.internal.invokers.MethodInvocationHelper.invokeMethod(MethodInvocationHelper.java:141)
at org.testng.internal.invokers.TestInvoker.invokeMethod(TestInvoker.java:687)
at org.testng.internal.invokers.TestInvoker.invokeTestMethod(TestInvoker.java:230)
at org.testng.internal.invokers.MethodRunner.runInSequence(MethodRunner.java:63)
at org.testng.internal.invokers.TestInvoker$MethodInvocationAgent.invoke(TestInvoker.java:995)
at org.testng.internal.invokers.TestInvoker.invokeTestMethods(TestInvoker.java:203)
at org.testng.internal.invokers.TestMethodWorker.invokeTestMethods(TestMethodWorker.java:154)
at org.testng.internal.invokers.TestMethodWorker.run(TestMethodWorker.java:134)
at java.base/java.util.ArrayList.forEach(ArrayList.java:1511)
at org.testng.TestRunner.privateRun(TestRunner.java:741)
at org.testng.TestRunner.run(TestRunner.java:616)
at org.testng.SuiteRunner.runTest(SuiteRunner.java:421)
at org.testng.SuiteRunner.runSequentially(SuiteRunner.java:413)
at org.testng.SuiteRunner.privateRun(SuiteRunner.java:373)
at org.testng.SuiteRunner.run(SuiteRunner.java:312)
at org.testng.SuiteRunnerWorker.runSuite(SuiteRunnerWorker.java:52)
at org.testng.SuiteRunnerWorker.run(SuiteRunnerWorker.java:95)
at org.testng.TestNG.runSuitesSequentially(TestNG.java:1274)
at org.testng.TestNG.runSuitesLocally(TestNG.java:1208)
at org.testng.TestNG.runSuites(TestNG.java:1112)
at org.testng.TestNG.run(TestNG.java:1079)
at org.testng.remote.AbstractRemoteTestNG.run(AbstractRemoteTestNG.java:115)
at org.testng.remote.RemoteTestNG.initAndRun(RemoteTestNG.java:293)
at org.testng.remote.RemoteTestNG.main(RemoteTestNG.java:91)
]]>
            </full-stacktrace>
          </exception> <!-- java.lang.NullPointerException -->
          <reporter-output>
          </reporter-output>
        </test-method> <!-- logo -->
      </class> <!-- org.AutomationAnywhere.com.LogoPresent -->
      <class name="org.AutomationAnywhere.com.VerifyingEachUrls">
        <test-method is-config="true" signature="setUp()[pri:0, instance:org.AutomationAnywhere.com.VerifyingEachUrls@5b69d40d]" started-at="2025-05-18T23:53:27 IST" name="setUp" finished-at="2025-05-18T23:53:31 IST" duration-ms="4307" status="PASS">
          <reporter-output>
          </reporter-output>
        </test-method> <!-- setUp -->
        <test-method signature="demoLink()[pri:0, instance:org.AutomationAnywhere.com.VerifyingEachUrls@5b69d40d]" started-at="2025-05-18T23:53:31 IST" name="demoLink" finished-at="2025-05-18T23:53:36 IST" duration-ms="5277" status="PASS">
          <reporter-output>
          </reporter-output>
        </test-method> <!-- demoLink -->
        <test-method signature="logo()[pri:0, instance:org.AutomationAnywhere.com.VerifyingEachUrls@5b69d40d]" started-at="2025-05-18T23:53:36 IST" name="logo" finished-at="2025-05-18T23:53:38 IST" duration-ms="1785" status="PASS">
          <reporter-output>
          </reporter-output>
        </test-method> <!-- logo -->
        <test-method signature="clickOnPartner()[pri:0, instance:org.AutomationAnywhere.com.VerifyingEachUrls@5b69d40d]" started-at="2025-05-18T23:53:38 IST" name="clickOnPartner" finished-at="2025-05-18T23:53:46 IST" duration-ms="8231" status="PASS">
          <reporter-output>
          </reporter-output>
        </test-method> <!-- clickOnPartner -->
        <test-method signature="clickOnProduct()[pri:0, instance:org.AutomationAnywhere.com.VerifyingEachUrls@5b69d40d]" started-at="2025-05-18T23:53:46 IST" name="clickOnProduct" finished-at="2025-05-18T23:53:53 IST" duration-ms="6156" status="PASS">
          <reporter-output>
          </reporter-output>
        </test-method> <!-- clickOnProduct -->
        <test-method signature="clickOnSolutions()[pri:0, instance:org.AutomationAnywhere.com.VerifyingEachUrls@5b69d40d]" started-at="2025-05-18T23:53:53 IST" name="clickOnSolutions" finished-at="2025-05-18T23:53:59 IST" duration-ms="6850" status="PASS">
          <reporter-output>
          </reporter-output>
        </test-method> <!-- clickOnSolutions -->
      </class> <!-- org.AutomationAnywhere.com.VerifyingEachUrls -->
    </test> <!-- Test -->
  </suite> <!-- Suite -->
</testng-results>
