<?xml version="1.0" encoding="UTF-8"?>
<!-- Generated by org.testng.reporters.JUnitXMLReporter -->
<testsuite ignored="2" hostname="LAPTOP-3LAJEQ06" failures="1" tests="6" name="Test" time="32.744" errors="0" timestamp="2025-05-18T23:53:59 IST">
  <testcase classname="org.AutomationAnywhere.com.ClickOnDemoRequest" name="demoLink" time="5.277"/>
  <testcase classname="org.AutomationAnywhere.com.LogoPresent" name="logo" time="1.785"/>
  <testcase classname="org.AutomationAnywhere.com.VerifyingEachUrls" name="clickOnPartner" time="8.231"/>
  <testcase classname="org.AutomationAnywhere.com.VerifyingEachUrls" name="clickOnProduct" time="6.156"/>
  <testcase classname="org.AutomationAnywhere.com.VerifyingEachUrls" name="clickOnSolutions" time="6.85"/>
  <testcase classname="org.AutomationAnywhere.com.LogoPresent" name="logo" time="0.002">
    <failure type="java.lang.NullPointerException" message="Cannot invoke &amp;quot;org.openqa.selenium.WebDriver.findElement(org.openqa.selenium.By)&amp;quot; because &amp;quot;this.driver&amp;quot; is null">
      <![CDATA[java.lang.NullPointerException: Cannot invoke "org.openqa.selenium.WebDriver.findElement(org.openqa.selenium.By)" because "this.driver" is null
at org.AutomationAnywhere.com.LogoPresent.logo(LogoPresent.java:14)
at java.base/java.util.ArrayList.forEach(ArrayList.java:1511)
... Removed 27 stack frames]]>
    </failure>
  </testcase> <!-- logo -->
  <testcase classname="org.AutomationAnywhere.com.LaunchAutomationAnyWhere" name="@BeforeTest setUp" time="0.0">
    <ignored/>
  </testcase> <!-- @BeforeTest setUp -->
  <testcase classname="org.AutomationAnywhere.com.VerifyingEachUrls" name="clickOnResources" time="0.0">
    <ignored/>
  </testcase> <!-- clickOnResources -->
</testsuite> <!-- Test -->
